<?xml version="1.0" encoding="UTF-8"?>
<testng-results skipped="0" failed="0" total="1" passed="1">
  <reporter-output>
  </reporter-output>
  <suite name="Default suite" duration-ms="56933" started-at="2015-09-17T16:44:57Z" finished-at="2015-09-17T16:45:54Z">
    <groups>
    </groups>
    <test name="Default test" duration-ms="56933" started-at="2015-09-17T16:44:57Z" finished-at="2015-09-17T16:45:54Z">
      <class name="com.flipkart.testcases.Sprint_RequirmentID_01">
        <test-method status="PASS" signature="setup()[pri:0, instance:com.flipkart.testcases.Sprint_RequirmentID_01@50b18b90]" name="setup" is-config="true" duration-ms="24202" started-at="2015-09-17T22:14:57Z" finished-at="2015-09-17T22:15:22Z">
          <reporter-output>
          </reporter-output>
        </test-method> <!-- setup -->
        <test-method status="PASS" signature="TC_02()[pri:0, instance:com.flipkart.testcases.Sprint_RequirmentID_01@50b18b90]" name="TC_02" duration-ms="32701" started-at="2015-09-17T22:15:22Z" finished-at="2015-09-17T22:15:54Z">
          <reporter-output>
          </reporter-output>
        </test-method> <!-- TC_02 -->
      </class> <!-- com.flipkart.testcases.Sprint_RequirmentID_01 -->
    </test> <!-- Default test -->
  </suite> <!-- Default suite -->
</testng-results>
